<?xml version="1.0" encoding="utf-8"?><testsuites name="pytest tests"><testsuite name="pytest" errors="0" failures="0" skipped="0" tests="413" time="138.459" timestamp="2026-06-05T07:24:26.694318+01:00" hostname="IEDUBOVL51981L4"><testcase classname="tests.ayosa.evals.test_evals" name="test_eval_fixture[active_alerts_lookup]" time="0.003" /><testcase classname="tests.ayosa.evals.test_evals" name="test_eval_fixture[latency_metrics_lookup]" time="0.002" /><testcase classname="tests.ayosa.evals.test_evals" name="test_eval_fixture[latest_error_log_lookup]" time="0.001" /><testcase classname="tests.ayosa.evals.test_evals" name="test_eval_fixture[service_health_multi_tool]" time="0.001" /><testcase classname="tests.ayosa.evals.test_evals" name="test_eval_fixture[trace_lookup]" time="0.001" /><testcase classname="tests.ayosa.evals.test_harness.TestKeywordCoverage" name="test_all_keywords_present_returns_one" time="0.000" /><testcase classname="tests.ayosa.evals.test_harness.TestKeywordCoverage" name="test_case_insensitive_match" time="0.000" /><testcase classname="tests.ayosa.evals.test_harness.TestKeywordCoverage" name="test_partial_match_fraction" time="0.001" /><testcase classname="tests.ayosa.evals.test_harness.TestKeywordCoverage" name="test_empty_keywords_returns_one" time="0.001" /><testcase classname="tests.ayosa.evals.test_harness.TestKeywordCoverage" name="test_blank_text_with_keywords_returns_zero" time="0.001" /><testcase classname="tests.ayosa.evals.test_harness.TestF1" name="test_perfect" time="0.000" /><testcase classname="tests.ayosa.evals.test_harness.TestF1" name="test_zero_both" time="0.000" /><testcase classname="tests.ayosa.evals.test_harness.TestF1" name="test_harmonic_mean" time="0.000" /><testcase classname="tests.ayosa.evals.test_harness.TestToolCallsFromResult" name="test_excludes_skipped_and_pending" time="0.000" /><testcase classname="tests.ayosa.evals.test_harness.TestToolCallsFromResult" name="test_lowercases_tool_names" time="0.000" /><testcase classname="tests.ayosa.evals.test_harness.TestScoreRun" name="test_perfect_run_passes" time="0.000" /><testcase classname="tests.ayosa.evals.test_harness.TestScoreRun" name="test_missing_expected_tool_fails" time="0.000" /><testcase classname="tests.ayosa.evals.test_harness.TestScoreRun" name="test_forbidden_tool_called_fails" time="0.000" /><testcase classname="tests.ayosa.evals.test_harness.TestScoreRun" name="test_iteration_budget_breach_fails" time="0.000" /><testcase classname="tests.ayosa.evals.test_harness.TestScoreRun" name="test_missing_keywords_fail_only_when_below_threshold" time="0.001" /><testcase classname="tests.ayosa.evals.test_harness.TestScoreRun" name="test_no_expected_tools_means_precision_and_recall_one" time="0.001" /><testcase classname="tests.ayosa.evals.test_harness.TestScriptedDispatcher" name="test_returns_canned_observations" time="0.001" /><testcase classname="tests.ayosa.evals.test_harness.TestScriptedDispatcher" name="test_unknown_tool_returns_error_observation" time="0.001" /><testcase classname="tests.ayosa.evals.test_harness.TestFixtureLoader" name="test_round_trip_minimal_fixture" time="0.013" /><testcase classname="tests.ayosa.evals.test_harness.TestFixtureLoader" name="test_missing_name_raises" time="0.005" /><testcase classname="tests.ayosa.evals.test_harness.TestFixtureLoader" name="test_invalid_mode_raises" time="0.004" /><testcase classname="tests.ayosa.evals.test_harness.TestFixtureLoader" name="test_tool_use_mode_requires_scripted_llm" time="0.005" /><testcase classname="tests.ayosa.evals.test_harness.TestFixtureLoader" name="test_discover_fixtures_finds_seed_set" time="0.004" /><testcase classname="tests.ayosa.evals.test_harness.TestRunFixtureSmoke" name="test_deterministic_run_passes" time="0.005" /><testcase classname="tests.ayosa.test_adapter_llm_query.TestPrometheusLLMQuery" name="test_llm_query_prepended_to_evidence" time="0.001" /><testcase classname="tests.ayosa.test_adapter_llm_query.TestPrometheusLLMQuery" name="test_no_llm_query_keeps_existing_behaviour" time="0.000" /><testcase classname="tests.ayosa.test_adapter_llm_query.TestPrometheusLLMQuery" name="test_blank_llm_query_ignored" time="0.001" /><testcase classname="tests.ayosa.test_adapter_llm_query.TestPrometheusLLMQuery" name="test_llm_query_failure_surfaces_error_row" time="0.000" /><testcase classname="tests.ayosa.test_adapter_llm_query.TestPrometheusLLMQuery" name="test_stability_ranking_still_runs_with_llm_query" time="0.001" /><testcase classname="tests.ayosa.test_adapter_llm_query.TestSplunkLLMQuery" name="test_llm_query_replaces_heuristic_search" time="0.001" /><testcase classname="tests.ayosa.test_adapter_llm_query.TestSplunkLLMQuery" name="test_no_llm_query_falls_back_to_heuristic" time="0.000" /><testcase classname="tests.ayosa.test_adapter_llm_query.TestSplunkLLMQuery" name="test_blank_llm_query_ignored" time="0.000" /><testcase classname="tests.ayosa.test_adapter_llm_query_step11.TestElasticsearchLLMQuery" name="test_lucene_string_wrapped_in_query_string" time="0.000" /><testcase classname="tests.ayosa.test_adapter_llm_query_step11.TestElasticsearchLLMQuery" name="test_json_object_used_as_body_verbatim" time="0.000" /><testcase classname="tests.ayosa.test_adapter_llm_query_step11.TestElasticsearchLLMQuery" name="test_json_object_without_size_gets_default" time="0.001" /><testcase classname="tests.ayosa.test_adapter_llm_query_step11.TestElasticsearchLLMQuery" name="test_no_llm_query_keeps_existing_behaviour" time="0.000" /><testcase classname="tests.ayosa.test_adapter_llm_query_step11.TestElasticsearchLLMQuery" name="test_blank_llm_query_ignored" time="0.000" /><testcase classname="tests.ayosa.test_adapter_llm_query_step11.TestElasticsearchLLMQuery" name="test_llm_query_failure_surfaces_error_row" time="0.000" /><testcase classname="tests.ayosa.test_adapter_llm_query_step11.TestJaegerLLMQuery" name="test_string_query_used_as_operation" time="0.000" /><testcase classname="tests.ayosa.test_adapter_llm_query_step11.TestJaegerLLMQuery" name="test_json_query_merged_as_params" time="0.000" /><testcase classname="tests.ayosa.test_adapter_llm_query_step11.TestJaegerLLMQuery" name="test_string_query_without_service_is_skipped" time="0.000" /><testcase classname="tests.ayosa.test_adapter_llm_query_step11.TestJaegerLLMQuery" name="test_no_llm_query_keeps_existing_behaviour" time="0.001" /><testcase classname="tests.ayosa.test_adapter_llm_query_step11.TestJaegerLLMQuery" name="test_blank_llm_query_ignored" time="0.001" /><testcase classname="tests.ayosa.test_adapter_llm_query_step11.TestJaegerLLMQuery" name="test_llm_query_failure_surfaces_error_row" time="0.001" /><testcase classname="tests.ayosa.test_adapter_llm_query_step12.TestLokiLLMQuery" name="test_llm_logql_query_executed_and_prepended" time="0.001" /><testcase classname="tests.ayosa.test_adapter_llm_query_step12.TestLokiLLMQuery" name="test_no_llm_query_keeps_existing_behaviour" time="0.000" /><testcase classname="tests.ayosa.test_adapter_llm_query_step12.TestLokiLLMQuery" name="test_failure_surfaces_error_row" time="0.000" /><testcase classname="tests.ayosa.test_adapter_llm_query_step12.TestTempoLLMQuery" name="test_llm_traceql_executed" time="0.000" /><testcase classname="tests.ayosa.test_adapter_llm_query_step12.TestTempoLLMQuery" name="test_llm_query_runs_even_without_service" time="0.000" /><testcase classname="tests.ayosa.test_adapter_llm_query_step12.TestTempoLLMQuery" name="test_no_llm_query_keeps_existing_behaviour" time="0.001" /><testcase classname="tests.ayosa.test_adapter_llm_query_step12.TestGrafanaLLMQuery" name="test_llm_search_term_prepended" time="0.000" /><testcase classname="tests.ayosa.test_adapter_llm_query_step12.TestGrafanaLLMQuery" name="test_no_llm_query_keeps_existing_behaviour" time="0.000" /><testcase classname="tests.ayosa.test_adapter_llm_query_step12.TestAlertmanagerLLMQuery" name="test_llm_matcher_sent_as_filter_param" time="0.000" /><testcase classname="tests.ayosa.test_adapter_llm_query_step12.TestAlertmanagerLLMQuery" name="test_no_llm_query_keeps_existing_behaviour" time="0.001" /><testcase classname="tests.ayosa.test_adapter_llm_query_step12.TestDatadogLLMQuery" name="test_llm_query_surfaces_skipped_row" time="0.000" /><testcase classname="tests.ayosa.test_adapter_llm_query_step12.TestDatadogLLMQuery" name="test_no_llm_query_keeps_existing_behaviour" time="0.000" /><testcase classname="tests.ayosa.test_adapter_llm_query_step12.TestDynatraceLLMQuery" name="test_llm_problem_selector_used" time="0.000" /><testcase classname="tests.ayosa.test_adapter_llm_query_step12.TestDynatraceLLMQuery" name="test_llm_query_without_token_returns_skipped" time="0.000" /><testcase classname="tests.ayosa.test_adapter_llm_query_step12.TestDynatraceLLMQuery" name="test_no_llm_query_keeps_existing_behaviour" time="0.001" /><testcase classname="tests.ayosa.test_adapter_llm_query_step12.TestAppDynamicsLLMQuery" name="test_llm_query_surfaces_skipped_row" time="0.000" /><testcase classname="tests.ayosa.test_adapter_llm_query_step12.TestAppDynamicsLLMQuery" name="test_no_llm_query_keeps_existing_behaviour" time="0.000" /><testcase classname="tests.ayosa.test_agent_backbone.TestIntentClassifier" name="test_active_alerts" time="0.000" /><testcase classname="tests.ayosa.test_agent_backbone.TestIntentClassifier" name="test_latency" time="0.000" /><testcase classname="tests.ayosa.test_agent_backbone.TestIntentClassifier" name="test_fallback" time="0.000" /><testcase classname="tests.ayosa.test_agent_backbone.TestPlanner" name="test_selects_metric_tool_for_latency" time="0.000" /><testcase classname="tests.ayosa.test_agent_backbone.TestPlanner" name="test_selects_alert_tool_for_active_alerts" time="0.000" /><testcase classname="tests.ayosa.test_agent_backbone.TestPlanner" name="test_no_signals_for_current_time" time="0.000" /><testcase classname="tests.ayosa.test_agent_backbone.TestToolDispatcher" name="test_dispatches_only_selected_tools" time="0.000" /><testcase classname="tests.ayosa.test_agent_backbone.TestToolDispatcher" name="test_adapter_failure_captured_as_error_observation" time="0.001" /><testcase classname="tests.ayosa.test_agent_backbone.TestToolDispatcher" name="test_unknown_tool_emits_error_observation" time="0.000" /><testcase classname="tests.ayosa.test_agent_backbone.TestToolDispatcher" name="test_normalise_observation_from_dict" time="0.000" /><testcase classname="tests.ayosa.test_agent_backbone.TestReflect" name="test_missing_signal" time="0.000" /><testcase classname="tests.ayosa.test_agent_backbone.TestReflect" name="test_sufficient_and_partial" time="0.000" /><testcase classname="tests.ayosa.test_agent_backbone.TestSynthesizerPure" name="test_confidence_no_required_signals" time="0.000" /><testcase classname="tests.ayosa.test_agent_backbone.TestSynthesizerPure" name="test_confidence_sufficient" time="0.000" /><testcase classname="tests.ayosa.test_agent_backbone.TestSynthesizerPure" name="test_answer_no_evidence" time="0.001" /><testcase classname="tests.ayosa.test_agent_backbone.TestSynthesizerPure" name="test_snapshot_coverage" time="0.000" /><testcase classname="tests.ayosa.test_agent_backbone.TestAgentLoop" name="test_full_loop_no_llm" time="0.001" /><testcase classname="tests.ayosa.test_agent_backbone.TestAgentLoop" name="test_session_history_persisted" time="0.001" /><testcase classname="tests.ayosa.test_agent_backbone.TestAgentLoop" name="test_llm_skipped_when_no_evidence" time="8.775" /><testcase classname="tests.ayosa.test_agent_backbone.TestAgentLoop" name="test_llm_invoked_when_evidence_present" time="7.647" /><testcase classname="tests.ayosa.test_agent_backbone" name="test_async_run_matches_sync" time="0.010" /><testcase classname="tests.ayosa.test_agent_chat_contract.TestRequestSchema" name="test_agent_mode_defaults_false" time="0.001" /><testcase classname="tests.ayosa.test_agent_chat_contract.TestRequestSchema" name="test_agent_mode_accepts_true" time="0.001" /><testcase classname="tests.ayosa.test_agent_chat_contract.TestAgentResponseShape" name="test_response_has_all_contract_fields" time="0.241" /><testcase classname="tests.ayosa.test_agent_chat_contract.TestAgentResponseShape" name="test_tool_steps_emitted" time="0.033" /><testcase classname="tests.ayosa.test_agent_chat_contract.TestAgentResponseShape" name="test_observations_match_evidence" time="0.028" /><testcase classname="tests.ayosa.test_agent_chat_contract.TestModeSelection" name="test_deterministic_path_used_when_agent_mode_false" time="0.001" /><testcase classname="tests.ayosa.test_agent_chat_contract.TestModeSelection" name="test_agent_path_used_when_agent_mode_true" time="0.001" /><testcase classname="tests.ayosa.test_agent_chat_contract.TestLLMIsAdditive" name="test_llm_failure_leaves_deterministic_answer" time="7.688" /><testcase classname="tests.ayosa.test_agent_chat_contract.TestLLMIsAdditive" name="test_llm_disabled_returns_deterministic_only" time="0.034" /><testcase classname="tests.ayosa.test_agent_chat_contract.TestNoGenericRCA" name="test_current_time_intent_has_no_rca" time="0.030" /><testcase classname="tests.ayosa.test_agent_chat_contract.TestNoGenericRCA" name="test_dashboard_lookup_intent_has_no_rca" time="0.032" /><testcase classname="tests.ayosa.test_agent_chat_contract.TestNoGenericRCA" name="test_investigation_intent_may_populate_snapshot" time="0.032" /><testcase classname="tests.ayosa.test_agent_chat_contract.TestAgentLoopStages" name="test_loop_runs_all_phases" time="0.031" /><testcase classname="tests.ayosa.test_chat_response_iteration" name="test_chat_response_carries_iteration_per_step" time="0.001" /><testcase classname="tests.ayosa.test_chat_response_iteration" name="test_chat_response_iteration_defaults_to_zero_for_single_pass" time="0.001" /><testcase classname="tests.ayosa.test_history_retriever.TestAvailability" name="test_returns_unavailable_when_no_repo" time="0.001" /><testcase classname="tests.ayosa.test_history_retriever.TestAvailability" name="test_empty_repo_returns_available_with_no_matches" time="0.084" /><testcase classname="tests.ayosa.test_history_retriever.TestAvailability" name="test_broken_repo_is_swallowed" time="0.001" /><testcase classname="tests.ayosa.test_history_retriever.TestRanking" name="test_service_match_outranks_token_only" time="0.113" /><testcase classname="tests.ayosa.test_history_retriever.TestRanking" name="test_intent_match_adds_boost" time="0.105" /><testcase classname="tests.ayosa.test_history_retriever.TestRanking" name="test_token_overlap_picks_related_message" time="0.129" /><testcase classname="tests.ayosa.test_history_retriever.TestRanking" name="test_no_token_overlap_excludes_unrelated_rows" time="0.100" /><testcase classname="tests.ayosa.test_history_retriever.TestRanking" name="test_limit_is_respected" time="0.232" /><testcase classname="tests.ayosa.test_history_retriever.TestPayloadShape" name="test_match_carries_expected_fields" time="0.084" /><testcase classname="tests.ayosa.test_intent_router" name="test_classify_intent_keyword_unchanged" time="0.001" /><testcase classname="tests.ayosa.test_intent_router" name="test_smart_no_llm_config_uses_keyword" time="0.001" /><testcase classname="tests.ayosa.test_intent_router" name="test_smart_llm_disabled_uses_keyword" time="0.001" /><testcase classname="tests.ayosa.test_intent_router" name="test_smart_fast_path_skips_llm_for_current_time" time="0.002" /><testcase classname="tests.ayosa.test_intent_router" name="test_smart_fast_path_skips_llm_for_stability_ranking" time="0.001" /><testcase classname="tests.ayosa.test_intent_router" name="test_smart_llm_success_returns_llm_intent" time="0.001" /><testcase classname="tests.ayosa.test_intent_router" name="test_smart_llm_failure_falls_back_to_keyword" time="0.001" /><testcase classname="tests.ayosa.test_intent_router" name="test_route_intent_llm_returns_canonical_intent" time="0.001" /><testcase classname="tests.ayosa.test_intent_router" name="test_route_intent_llm_non_canonical_intent_returns_none" time="0.001" /><testcase classname="tests.ayosa.test_intent_router" name="test_route_intent_llm_garbage_payload_returns_none" time="0.002" /><testcase classname="tests.ayosa.test_intent_router" name="test_route_intent_llm_disabled_returns_none" time="0.000" /><testcase classname="tests.ayosa.test_intent_router" name="test_route_intent_llm_handles_markdown_fences" time="0.001" /><testcase classname="tests.ayosa.test_intent_router" name="test_route_intent_llm_provider_exception_returns_none" time="0.001" /><testcase classname="tests.ayosa.test_intent_router" name="test_planner_uses_intent_override" time="0.001" /><testcase classname="tests.ayosa.test_iterative_replan.TestBuildLLMReplan" name="test_returns_none_when_llm_disabled" time="0.001" /><testcase classname="tests.ayosa.test_iterative_replan.TestBuildLLMReplan" name="test_returns_none_when_llm_config_missing" time="0.001" /><testcase classname="tests.ayosa.test_iterative_replan.TestBuildLLMReplan" name="test_returns_none_when_no_tools_configured" time="0.001" /><testcase classname="tests.ayosa.test_iterative_replan.TestBuildLLMReplan" name="test_returns_none_when_selector_returns_none" time="0.001" /><testcase classname="tests.ayosa.test_iterative_replan.TestBuildLLMReplan" name="test_picks_new_tool_not_yet_dispatched" time="0.001" /><testcase classname="tests.ayosa.test_iterative_replan.TestBuildLLMReplan" name="test_picks_already_dispatched_tool_only_when_refined_query" time="0.001" /><testcase classname="tests.ayosa.test_iterative_replan.TestBuildLLMReplan" name="test_picks_already_dispatched_tool_with_refined_query" time="0.001" /><testcase classname="tests.ayosa.test_iterative_replan.TestAgentMultiIteration" name="test_llm_iterative_replan_runs_second_pass" time="5.771" /><testcase classname="tests.ayosa.test_iterative_replan.TestAgentMultiIteration" name="test_falls_back_to_deterministic_when_llm_replan_returns_none" time="5.401" /><testcase classname="tests.ayosa.test_loop_summary" name="test_single_pass_skips_in_loop_reflection" time="0.002" /><testcase classname="tests.ayosa.test_loop_summary" name="test_multi_pass_still_reflects_each_iteration" time="0.002" /><testcase classname="tests.ayosa.test_loop_summary" name="test_stream_emits_loop_summary_before_done" time="0.011" /><testcase classname="tests.ayosa.test_loop_summary" name="test_loop_summary_payload_shape" time="0.012" /><testcase classname="tests.ayosa.test_loop_summary_persistence" name="test_create_run_persists_loop_summary" time="0.093" /><testcase classname="tests.ayosa.test_loop_summary_persistence" name="test_create_run_with_no_loop_summary_round_trips_none" time="0.095" /><testcase classname="tests.ayosa.test_loop_summary_persistence" name="test_record_loop_summary_updates_existing_row" time="0.091" /><testcase classname="tests.ayosa.test_loop_summary_persistence" name="test_record_loop_summary_clears_when_passed_none" time="0.111" /><testcase classname="tests.ayosa.test_loop_summary_persistence" name="test_record_loop_summary_returns_false_for_missing_run" time="0.079" /><testcase classname="tests.ayosa.test_loop_summary_persistence" name="test_compare_runs_surfaces_loop_summary_delta" time="0.110" /><testcase classname="tests.ayosa.test_loop_summary_persistence" name="test_persist_agent_result_forwards_loop_summary" time="0.096" /><testcase classname="tests.ayosa.test_max_iterations_resolution" name="test_default_without_llm_is_single_pass" time="0.001" /><testcase classname="tests.ayosa.test_max_iterations_resolution" name="test_default_with_llm_enabled_bumps_to_four" time="0.001" /><testcase classname="tests.ayosa.test_max_iterations_resolution" name="test_default_with_llm_disabled_stays_single_pass" time="0.001" /><testcase classname="tests.ayosa.test_max_iterations_resolution" name="test_explicit_override_in_range_wins[1-1]" time="0.001" /><testcase classname="tests.ayosa.test_max_iterations_resolution" name="test_explicit_override_in_range_wins[2-2]" time="0.001" /><testcase classname="tests.ayosa.test_max_iterations_resolution" name="test_explicit_override_in_range_wins[5-5]" time="0.001" /><testcase classname="tests.ayosa.test_max_iterations_resolution" name="test_explicit_override_in_range_wins[8-8]" time="0.001" /><testcase classname="tests.ayosa.test_max_iterations_resolution" name="test_explicit_override_clamped_to_floor_and_ceiling[0-1]" time="0.001" /><testcase classname="tests.ayosa.test_max_iterations_resolution" name="test_explicit_override_clamped_to_floor_and_ceiling[-3-1]" time="0.001" /><testcase classname="tests.ayosa.test_max_iterations_resolution" name="test_explicit_override_clamped_to_floor_and_ceiling[9-8]" time="0.001" /><testcase classname="tests.ayosa.test_max_iterations_resolution" name="test_explicit_override_clamped_to_floor_and_ceiling[1000-8]" time="0.001" /><testcase classname="tests.ayosa.test_max_iterations_resolution" name="test_garbage_override_falls_back_to_floor" time="0.000" /><testcase classname="tests.ayosa.test_max_iterations_resolution" name="test_chat_request_model_accepts_max_iterations_field" time="0.001" /><testcase classname="tests.ayosa.test_max_iterations_resolution" name="test_chat_request_model_default_max_iterations_is_none" time="0.001" /><testcase classname="tests.ayosa.test_persistence.TestBootstrap" name="test_db_creates_required_tables" time="0.078" /><testcase classname="tests.ayosa.test_persistence.TestBootstrap" name="test_init_db_idempotent" time="0.077" /><testcase classname="tests.ayosa.test_persistence.TestBootstrap" name="test_db_parent_dir_created" time="0.081" /><testcase classname="tests.ayosa.test_persistence.TestRepository" name="test_create_and_get_run_roundtrip" time="0.153" /><testcase classname="tests.ayosa.test_persistence.TestRepository" name="test_create_run_autogenerates_id" time="0.097" /><testcase classname="tests.ayosa.test_persistence.TestRepository" name="test_get_unknown_run_returns_none" time="0.081" /><testcase classname="tests.ayosa.test_persistence.TestRepository" name="test_create_run_writes_messages" time="0.086" /><testcase classname="tests.ayosa.test_persistence.TestRepository" name="test_create_run_inserts_session" time="0.075" /><testcase classname="tests.ayosa.test_persistence.TestRepository" name="test_create_run_snapshot_table_populated" time="0.080" /><testcase classname="tests.ayosa.test_persistence.TestRepository" name="test_create_run_overwrites_existing" time="0.089" /><testcase classname="tests.ayosa.test_persistence.TestListRuns" name="test_list_all_newest_first" time="0.093" /><testcase classname="tests.ayosa.test_persistence.TestListRuns" name="test_list_filters_by_session" time="0.087" /><testcase classname="tests.ayosa.test_persistence.TestListRuns" name="test_list_filters_by_service" time="0.107" /><testcase classname="tests.ayosa.test_persistence.TestListRuns" name="test_list_filters_combined" time="0.126" /><testcase classname="tests.ayosa.test_persistence.TestListRuns" name="test_list_respects_limit" time="0.124" /><testcase classname="tests.ayosa.test_persistence.TestListRuns" name="test_list_empty_returns_empty" time="0.083" /><testcase classname="tests.ayosa.test_persistence.TestCompareRuns" name="test_diff_highlights_changed_fields" time="0.112" /><testcase classname="tests.ayosa.test_persistence.TestCompareRuns" name="test_diff_snapshot_subkeys" time="0.131" /><testcase classname="tests.ayosa.test_persistence.TestCompareRuns" name="test_diff_missing_runs" time="0.099" /><testcase classname="tests.ayosa.test_persistence.TestCompareRuns" name="test_diff_identical_runs" time="0.115" /><testcase classname="tests.ayosa.test_persistence.TestPersistHelper" name="test_persists_full_chat_response" time="0.097" /><testcase classname="tests.ayosa.test_persistence.TestPersistHelper" name="test_returns_none_when_no_default_repo" time="0.001" /><testcase classname="tests.ayosa.test_persistence.TestChatResilience" name="test_chat_survives_when_persistence_fails" time="0.002" /><testcase classname="tests.ayosa.test_persistence.TestChatResilience" name="test_chat_populates_run_id_when_persistence_works" time="0.097" /><testcase classname="tests.ayosa.test_persistence.TestRoutes" name="test_list_runs_endpoint" time="0.099" /><testcase classname="tests.ayosa.test_persistence.TestRoutes" name="test_list_runs_filters_via_query" time="0.097" /><testcase classname="tests.ayosa.test_persistence.TestRoutes" name="test_get_run_endpoint" time="0.086" /><testcase classname="tests.ayosa.test_persistence.TestRoutes" name="test_get_run_404" time="0.086" /><testcase classname="tests.ayosa.test_persistence.TestRoutes" name="test_compare_runs_endpoint" time="0.133" /><testcase classname="tests.ayosa.test_persistence.TestRoutes" name="test_compare_runs_404_when_missing" time="0.127" /><testcase classname="tests.ayosa.test_persistence.TestRoutes" name="test_routes_when_persistence_unavailable" time="0.031" /><testcase classname="tests.ayosa.test_replan" name="test_gap_signals_returns_missing_and_empty" time="0.001" /><testcase classname="tests.ayosa.test_replan" name="test_find_additional_tools_skips_already_dispatched" time="0.001" /><testcase classname="tests.ayosa.test_replan" name="test_find_additional_tools_returns_empty_when_nothing_left" time="0.001" /><testcase classname="tests.ayosa.test_replan" name="test_build_replan_returns_none_when_no_gaps" time="0.001" /><testcase classname="tests.ayosa.test_replan" name="test_build_replan_returns_narrow_plan_when_gap_exists" time="0.001" /><testcase classname="tests.ayosa.test_replan" name="test_derived_input_filters_tools" time="0.001" /><testcase classname="tests.ayosa.test_replan" name="test_agent_triggers_replan_when_first_logs_tool_empty" time="0.001" /><testcase classname="tests.ayosa.test_replan" name="test_agent_skips_replan_when_first_pass_sufficient" time="0.001" /><testcase classname="tests.ayosa.test_replan" name="test_agent_skips_replan_when_no_alternative_tool_configured" time="0.001" /><testcase classname="tests.ayosa.test_replan" name="test_agent_max_iterations_one_disables_replan" time="0.001" /><testcase classname="tests.ayosa.test_session_memory.TestSessionStore" name="test_new_session_id_is_unique" time="0.001" /><testcase classname="tests.ayosa.test_session_memory.TestSessionStore" name="test_get_unknown_returns_none" time="0.001" /><testcase classname="tests.ayosa.test_session_memory.TestSessionStore" name="test_record_turn_sets_last_fields" time="0.001" /><testcase classname="tests.ayosa.test_session_memory.TestSessionStore" name="test_isolation_between_sessions" time="0.001" /><testcase classname="tests.ayosa.test_session_memory.TestSessionStore" name="test_reset_drops_only_one_session" time="0.001" /><testcase classname="tests.ayosa.test_session_memory.TestSessionStore" name="test_clear_drops_everything" time="0.001" /><testcase classname="tests.ayosa.test_session_memory.TestSessionStore" name="test_message_cap_trims_oldest" time="0.001" /><testcase classname="tests.ayosa.test_session_memory.TestPersistence" name="test_round_trip_through_disk" time="0.013" /><testcase classname="tests.ayosa.test_session_memory.TestPersistence" name="test_reset_removes_persisted_file" time="0.013" /><testcase classname="tests.ayosa.test_session_memory.TestPersistence" name="test_refuses_path_traversal_session_id" time="0.008" /><testcase classname="tests.ayosa.test_session_memory.TestInference" name="test_no_prior_session_returns_input_unchanged" time="0.001" /><testcase classname="tests.ayosa.test_session_memory.TestInference" name="test_inherits_when_blank" time="0.001" /><testcase classname="tests.ayosa.test_session_memory.TestInference" name="test_never_overrides_explicit_values" time="0.001" /><testcase classname="tests.ayosa.test_session_memory.TestBridgeFollowUp" name="test_followup_inherits_service_and_time_range" time="0.002" /><testcase classname="tests.ayosa.test_session_memory.TestBridgeFollowUp" name="test_reset_session_clears_prior_context" time="0.002" /><testcase classname="tests.ayosa.test_session_memory.TestBridgeFollowUp" name="test_no_context_leak_across_sessions" time="0.002" /><testcase classname="tests.ayosa.test_session_memory.TestBackwardsCompat" name="test_request_without_session_fields_still_works" time="0.001" /><testcase classname="tests.ayosa.test_session_memory.TestBackwardsCompat" name="test_deterministic_path_returns_session_id" time="0.001" /><testcase classname="tests.ayosa.test_session_memory.TestBackwardsCompat" name="test_deterministic_path_echoes_provided_session_id" time="0.001" /><testcase classname="tests.ayosa.test_session_memory.TestSummariseEvidence" name="test_summarises_dicts" time="0.001" /><testcase classname="tests.ayosa.test_session_memory.TestSummariseEvidence" name="test_handles_empty" time="0.001" /><testcase classname="tests.ayosa.test_session_memory.TestDefaultStore" name="test_singleton_is_reusable" time="0.001" /><testcase classname="tests.ayosa.test_session_memory.TestDefaultStore" name="test_set_default_store_overrides" time="0.001" /><testcase classname="tests.ayosa.test_stream_iteration_field" name="test_tool_start_and_tool_result_carry_iteration" time="0.010" /><testcase classname="tests.ayosa.test_streaming_contract.TestSerializer" name="test_basic_frame_format" time="0.001" /><testcase classname="tests.ayosa.test_streaming_contract.TestSerializer" name="test_strips_top_level_secrets" time="0.001" /><testcase classname="tests.ayosa.test_streaming_contract.TestSerializer" name="test_strips_nested_secrets" time="0.001" /><testcase classname="tests.ayosa.test_streaming_contract.TestSerializer" name="test_handles_unserializable_objects" time="0.001" /><testcase classname="tests.ayosa.test_streaming_contract.TestSerializer" name="test_strip_secrets_pure_function" time="0.001" /><testcase classname="tests.ayosa.test_streaming_contract.TestEventOrdering" name="test_full_event_sequence" time="0.011" /><testcase classname="tests.ayosa.test_streaming_contract.TestEventOrdering" name="test_session_start_carries_session_id" time="0.009" /><testcase classname="tests.ayosa.test_streaming_contract.TestEventOrdering" name="test_plan_payload_includes_required_fields" time="0.010" /><testcase classname="tests.ayosa.test_streaming_contract.TestEventOrdering" name="test_final_snapshot_has_full_chat_response" time="0.009" /><testcase classname="tests.ayosa.test_streaming_contract.TestToolFailure" name="test_failing_tool_emits_error_result_and_continues" time="0.017" /><testcase classname="tests.ayosa.test_streaming_contract.TestToolFailure" name="test_no_adapter_failure_aborts_overall_stream" time="0.009" /><testcase classname="tests.ayosa.test_streaming_contract.TestNoSecretsLeak" name="test_no_auth_token_in_sse_stream" time="0.010" /><testcase classname="tests.ayosa.test_streaming_contract.TestProgressiveEmission" name="test_first_event_arrives_before_total_completion" time="0.160" /><testcase classname="tests.ayosa.test_streaming_contract.TestRouterCompatibility" name="test_router_routes_to_legacy_when_agent_mode_false" time="0.007" /><testcase classname="tests.ayosa.test_streaming_contract.TestRouterCompatibility" name="test_router_routes_to_agent_when_agent_mode_true" time="0.008" /><testcase classname="tests.ayosa.test_streaming_contract.TestIterativeLoopContract" name="test_session_start_carries_max_iterations" time="0.006" /><testcase classname="tests.ayosa.test_streaming_contract.TestIterativeLoopContract" name="test_tool_events_carry_iteration_index" time="0.010" /><testcase classname="tests.ayosa.test_streaming_contract.TestIterativeLoopContract" name="test_final_snapshot_embeds_loop_summary" time="0.008" /><testcase classname="tests.ayosa.test_streaming_contract.TestIterativeLoopContract" name="test_dedicated_loop_summary_event_emitted" time="0.010" /><testcase classname="tests.ayosa.test_streaming_contract.TestIterativeLoopContract" name="test_canonical_terminal_envelope_order" time="0.010" /><testcase classname="tests.ayosa.test_streaming_contract.TestIterativeLoopContract" name="test_loop_summary_fields_agree_between_snapshot_and_event" time="0.009" /><testcase classname="tests.ayosa.test_streaming_contract.TestToolUseLoopContract" name="test_event_order_includes_tool_pair_and_terminal_envelope" time="5.627" /><testcase classname="tests.ayosa.test_streaming_contract.TestToolUseLoopContract" name="test_tool_steps_carry_iteration_index" time="7.496" /><testcase classname="tests.ayosa.test_streaming_contract.TestToolUseLoopContract" name="test_final_snapshot_loop_summary_present_and_match" time="5.743" /><testcase classname="tests.ayosa.test_streaming_contract.TestToolUseLoopContract" name="test_no_secrets_in_tool_use_stream" time="5.530" /><testcase classname="tests.ayosa.test_streaming_contract.TestToolUseLoopContract" name="test_each_decision_makes_one_llm_call_with_tools" time="6.084" /><testcase classname="tests.ayosa.test_streaming_contract.TestToolUseLoopProgressiveStreaming" name="test_progressive_event_types_are_emitted" time="6.369" /><testcase classname="tests.ayosa.test_streaming_contract.TestToolUseLoopProgressiveStreaming" name="test_llm_call_events_carry_iteration_index" time="5.721" /><testcase classname="tests.ayosa.test_streaming_contract.TestToolUseLoopProgressiveStreaming" name="test_event_order_pins_progressive_pipeline" time="6.159" /><testcase classname="tests.ayosa.test_streaming_contract.TestToolUseLoopProgressiveStreaming" name="test_second_llm_call_fires_after_tool_dispatch_completes" time="5.877" /><testcase classname="tests.ayosa.test_streaming_contract.TestToolUseLoopProgressiveStreaming" name="test_tool_start_event_carries_llm_metadata" time="6.071" /><testcase classname="tests.ayosa.test_streaming_contract.TestToolUseLoopProgressiveStreaming" name="test_terminal_envelope_unchanged" time="5.792" /><testcase classname="tests.ayosa.test_streaming_contract.TestToolUseLoopProgressiveStreaming" name="test_loop_summary_matches_iterations_run" time="6.063" /><testcase classname="tests.ayosa.test_streaming_contract.TestToolUseLoopProgressiveStreaming" name="test_no_secrets_in_progressive_stream" time="5.901" /><testcase classname="tests.ayosa.test_streaming_contract.TestToolUseLoopProgressiveStreaming" name="test_loop_error_event_surfaces_when_anthropic_fails" time="5.633" /><testcase classname="tests.ayosa.test_tool_args.TestSelectorRichParsing" name="test_tool_calls_populate_tool_args" time="0.001" /><testcase classname="tests.ayosa.test_tool_args.TestSelectorRichParsing" name="test_invalid_tool_call_dropped_by_validate" time="0.000" /><testcase classname="tests.ayosa.test_tool_args.TestSelectorRichParsing" name="test_unknown_tool_name_in_call_dropped" time="0.000" /><testcase classname="tests.ayosa.test_tool_args.TestSelectorRichParsing" name="test_duplicate_tool_call_keeps_first" time="0.000" /><testcase classname="tests.ayosa.test_tool_args.TestSelectorRichParsing" name="test_legacy_tool_names_response_still_works" time="0.000" /><testcase classname="tests.ayosa.test_tool_args.TestPlannerCarriesArgs" name="test_tool_args_attached_to_plan" time="0.001" /><testcase classname="tests.ayosa.test_tool_args.TestPlannerCarriesArgs" name="test_legacy_response_leaves_tool_args_none" time="0.001" /><testcase classname="tests.ayosa.test_tool_args.TestDispatcherOverrides" name="test_dispatcher_overrides_service_and_time_range" time="0.001" /><testcase classname="tests.ayosa.test_tool_args.TestDispatcherOverrides" name="test_dispatcher_falls_back_to_planner_defaults" time="0.000" /><testcase classname="tests.ayosa.test_tool_args.TestDispatcherOverrides" name="test_dispatcher_partial_override_only_time_range" time="0.001" /><testcase classname="tests.ayosa.test_tool_contracts.TestPerToolSchemas" name="test_anthropic_schema_has_required_fields" time="0.000" /><testcase classname="tests.ayosa.test_tool_contracts.TestPerToolSchemas" name="test_openai_schema_has_function_envelope" time="0.000" /><testcase classname="tests.ayosa.test_tool_contracts.TestPerToolSchemas" name="test_description_mentions_signals_and_intents" time="0.000" /><testcase classname="tests.ayosa.test_tool_contracts.TestSchemaFiltering" name="test_no_filter_returns_all_enabled" time="0.000" /><testcase classname="tests.ayosa.test_tool_contracts.TestSchemaFiltering" name="test_filter_returns_only_configured" time="0.000" /><testcase classname="tests.ayosa.test_tool_contracts.TestSchemaFiltering" name="test_openai_filter_returns_only_configured" time="0.000" /><testcase classname="tests.ayosa.test_tool_contracts.TestSchemaFiltering" name="test_unknown_configured_tools_silently_skipped" time="0.000" /><testcase classname="tests.ayosa.test_tool_contracts.TestSchemaFiltering" name="test_empty_iterable_returns_no_tools" time="0.000" /><testcase classname="tests.ayosa.test_tool_contracts.TestValidateToolCall" name="test_minimum_valid_call" time="0.001" /><testcase classname="tests.ayosa.test_tool_contracts.TestValidateToolCall" name="test_full_valid_call" time="0.001" /><testcase classname="tests.ayosa.test_tool_contracts.TestValidateToolCall" name="test_unknown_tool_rejected" time="0.000" /><testcase classname="tests.ayosa.test_tool_contracts.TestValidateToolCall" name="test_missing_required_argument" time="0.001" /><testcase classname="tests.ayosa.test_tool_contracts.TestValidateToolCall" name="test_unknown_argument_rejected" time="0.000" /><testcase classname="tests.ayosa.test_tool_contracts.TestValidateToolCall" name="test_wrong_type_rejected" time="0.000" /><testcase classname="tests.ayosa.test_tool_contracts.TestValidateToolCall" name="test_arguments_must_be_dict" time="0.000" /><testcase classname="tests.ayosa.test_tool_contracts.TestValidateToolCall" name="test_null_strings_accepted" time="0.000" /><testcase classname="tests.ayosa.test_tool_contracts.TestIntentRouterSchema" name="test_enum_matches_canonical_intents" time="0.001" /><testcase classname="tests.ayosa.test_tool_contracts.TestIntentRouterSchema" name="test_anthropic_tool_shape" time="0.000" /><testcase classname="tests.ayosa.test_tool_contracts.TestIntentRouterSchema" name="test_openai_tool_shape" time="0.001" /><testcase classname="tests.ayosa.test_tool_contracts.TestIntentRouterSchema" name="test_required_includes_intent_and_confidence" time="0.000" /><testcase classname="tests.ayosa.test_tool_registry.TestCatalogue" name="test_all_expected_tools_present" time="0.000" /><testcase classname="tests.ayosa.test_tool_registry.TestCatalogue" name="test_definition_count_matches_index" time="0.000" /><testcase classname="tests.ayosa.test_tool_registry.TestCatalogue" name="test_every_signal_type_is_known" time="0.001" /><testcase classname="tests.ayosa.test_tool_registry.TestCatalogue" name="test_every_intent_reference_is_known" time="0.000" /><testcase classname="tests.ayosa.test_tool_registry.TestCatalogue" name="test_no_payment_or_checkout_hardcoding" time="0.000" /><testcase classname="tests.ayosa.test_tool_registry.TestCatalogue" name="test_adapter_key_maps_into_existing_registry" time="0.000" /><testcase classname="tests.ayosa.test_tool_registry.TestCatalogue" name="test_required_fields_always_include_base_url" time="0.000" /><testcase classname="tests.ayosa.test_tool_registry.TestLookup" name="test_get_tool_case_insensitive" time="0.001" /><testcase classname="tests.ayosa.test_tool_registry.TestLookup" name="test_get_tool_unknown" time="0.000" /><testcase classname="tests.ayosa.test_tool_registry.TestLookup" name="test_list_tools_enabled_only" time="0.001" /><testcase classname="tests.ayosa.test_tool_registry.TestLookup" name="test_tools_for_signal" time="0.001" /><testcase classname="tests.ayosa.test_tool_registry.TestLookup" name="test_tools_for_intent" time="0.001" /><testcase classname="tests.ayosa.test_tool_registry.TestSelectToolsForSignals" name="test_selects_one_tool_per_signal" time="0.001" /><testcase classname="tests.ayosa.test_tool_registry.TestSelectToolsForSignals" name="test_no_overlap_when_one_tool_covers_multiple_signals" time="0.001" /><testcase classname="tests.ayosa.test_tool_registry.TestSelectToolsForSignals" name="test_unconfigured_tools_ignored" time="0.001" /><testcase classname="tests.ayosa.test_tool_registry.TestSelectToolsForSignals" name="test_case_insensitive_configured_tools" time="0.000" /><testcase classname="tests.ayosa.test_tool_registry.TestSelectToolsForSignals" name="test_unknown_signal_returns_nothing" time="0.000" /><testcase classname="tests.ayosa.test_tool_registry.TestSelectToolsForSignals" name="test_empty_inputs" time="0.001" /><testcase classname="tests.ayosa.test_tool_registry.TestMissingSignals" name="test_describe_missing_signals" time="0.000" /><testcase classname="tests.ayosa.test_tool_registry.TestMissingSignals" name="test_describe_missing_signals_caps_suggestions" time="0.001" /><testcase classname="tests.ayosa.test_tool_registry.TestMissingSignals" name="test_format_missing_signal_message_includes_signal_and_suggestions" time="0.001" /><testcase classname="tests.ayosa.test_tool_registry.TestMissingSignals" name="test_format_missing_signal_message_empty_when_covered" time="0.000" /><testcase classname="tests.ayosa.test_tool_registry.TestMissingSignals" name="test_no_hardcoded_service_names_in_message" time="0.000" /><testcase classname="tests.ayosa.test_tool_registry.TestValidateToolConfig" name="test_missing_required_field" time="0.001" /><testcase classname="tests.ayosa.test_tool_registry.TestValidateToolConfig" name="test_all_fields_present" time="0.001" /><testcase classname="tests.ayosa.test_tool_registry.TestValidateToolConfig" name="test_unknown_tool_returns_empty" time="0.001" /><testcase classname="tests.ayosa.test_tool_registry.TestPlannerUsesRegistry" name="test_planner_picks_registry_tool_for_traces" time="0.001" /><testcase classname="tests.ayosa.test_tool_registry.TestPlannerUsesRegistry" name="test_planner_skips_disabled_tool" time="0.001" /><testcase classname="tests.ayosa.test_tool_registry.TestPlannerUsesRegistry" name="test_planner_missing_signal_message_via_registry" time="0.001" /><testcase classname="tests.ayosa.test_tool_selector.TestSchemaShape" name="test_anthropic_schema_constrains_enum" time="0.001" /><testcase classname="tests.ayosa.test_tool_selector.TestSchemaShape" name="test_openai_schema_constrains_enum" time="0.000" /><testcase classname="tests.ayosa.test_tool_selector.TestSelectorGuards" name="test_returns_none_when_llm_disabled" time="0.000" /><testcase classname="tests.ayosa.test_tool_selector.TestSelectorGuards" name="test_returns_none_when_no_configured_tools" time="0.000" /><testcase classname="tests.ayosa.test_tool_selector.TestSelectorGuards" name="test_returns_none_when_message_empty" time="0.000" /><testcase classname="tests.ayosa.test_tool_selector.TestSelectorGuards" name="test_returns_none_on_provider_exception" time="0.001" /><testcase classname="tests.ayosa.test_tool_selector.TestSelectorParsing" name="test_valid_response_returns_selection" time="0.001" /><testcase classname="tests.ayosa.test_tool_selector.TestSelectorParsing" name="test_unknown_tool_names_are_dropped" time="0.001" /><testcase classname="tests.ayosa.test_tool_selector.TestSelectorParsing" name="test_duplicates_collapsed_and_case_normalised" time="0.001" /><testcase classname="tests.ayosa.test_tool_selector.TestSelectorParsing" name="test_garbage_response_returns_none" time="0.001" /><testcase classname="tests.ayosa.test_tool_selector.TestPlannerWiring" name="test_deterministic_fallback_when_no_llm_config" time="0.001" /><testcase classname="tests.ayosa.test_tool_selector.TestPlannerWiring" name="test_llm_pick_replaces_deterministic_selection" time="0.001" /><testcase classname="tests.ayosa.test_tool_selector.TestPlannerWiring" name="test_empty_llm_pick_falls_back_when_signals_required" time="0.001" /><testcase classname="tests.ayosa.test_tool_selector.TestPlannerWiring" name="test_llm_failure_falls_back_silently" time="0.001" /><testcase classname="tests.ayosa.test_tool_selector.TestPlannerWiring" name="test_covered_signals_recomputed_from_llm_selection" time="0.001" /><testcase classname="tests.ayosa.test_tool_use_loop.TestPureHelpers" name="test_tool_name_roundtrip" time="0.000" /><testcase classname="tests.ayosa.test_tool_use_loop.TestPureHelpers" name="test_tool_name_sanitizes_invalid_chars" time="0.001" /><testcase classname="tests.ayosa.test_tool_use_loop.TestPureHelpers" name="test_build_schemas_emits_one_per_tool_type" time="0.001" /><testcase classname="tests.ayosa.test_tool_use_loop.TestPureHelpers" name="test_build_schemas_includes_required_input_fields" time="0.001" /><testcase classname="tests.ayosa.test_tool_use_loop.TestPureHelpers" name="test_build_schemas_uses_known_description" time="0.000" /><testcase classname="tests.ayosa.test_tool_use_loop.TestPureHelpers" name="test_build_schemas_falls_back_for_unknown_tool" time="0.000" /><testcase classname="tests.ayosa.test_tool_use_loop.TestPureHelpers" name="test_build_synthetic_plan_carries_tool_args" time="0.001" /><testcase classname="tests.ayosa.test_tool_use_loop.TestPureHelpers" name="test_extract_text_blocks_handles_mixed_content" time="0.001" /><testcase classname="tests.ayosa.test_tool_use_loop.TestPureHelpers" name="test_extract_text_blocks_handles_string_content" time="0.000" /><testcase classname="tests.ayosa.test_tool_use_loop.TestPureHelpers" name="test_extract_tool_use_blocks" time="0.000" /><testcase classname="tests.ayosa.test_tool_use_loop.TestPureHelpers" name="test_serialize_assistant_content_roundtrips_to_dicts" time="0.000" /><testcase classname="tests.ayosa.test_tool_use_loop.TestPureHelpers" name="test_observations_to_tool_result_is_valid_json" time="0.001" /><testcase classname="tests.ayosa.test_tool_use_loop.TestPureHelpers" name="test_observations_to_tool_result_error_branch" time="0.000" /><testcase classname="tests.ayosa.test_tool_use_loop.TestConstruction" name="test_requires_client" time="0.000" /><testcase classname="tests.ayosa.test_tool_use_loop.TestConstruction" name="test_requires_dispatcher" time="0.001" /><testcase classname="tests.ayosa.test_tool_use_loop.TestConstruction" name="test_max_iterations_has_floor_of_one" time="0.000" /><testcase classname="tests.ayosa.test_tool_use_loop.TestLoopBehaviour" name="test_zero_tool_calls_returns_final_text_immediately" time="0.001" /><testcase classname="tests.ayosa.test_tool_use_loop.TestLoopBehaviour" name="test_single_tool_call_then_final_answer" time="0.001" /><testcase classname="tests.ayosa.test_tool_use_loop.TestLoopBehaviour" name="test_tool_result_is_appended_as_user_message" time="0.001" /><testcase classname="tests.ayosa.test_tool_use_loop.TestLoopBehaviour" name="test_multi_tool_sequence" time="0.001" /><testcase classname="tests.ayosa.test_tool_use_loop.TestLoopBehaviour" name="test_unknown_tool_name_surfaces_as_is_error_without_dispatch" time="0.001" /><testcase classname="tests.ayosa.test_tool_use_loop.TestLoopBehaviour" name="test_adapter_exception_surfaces_as_is_error_and_loop_continues" time="0.001" /><testcase classname="tests.ayosa.test_tool_use_loop.TestLoopBehaviour" name="test_max_iterations_caps_runaway_loop" time="0.001" /><testcase classname="tests.ayosa.test_tool_use_loop.TestLoopBehaviour" name="test_anthropic_client_error_is_captured" time="0.003" /><testcase classname="tests.ayosa.test_tool_use_loop.TestLoopBehaviour" name="test_schemas_are_passed_to_anthropic_call" time="0.001" /><testcase classname="tests.ayosa.test_tool_use_loop.TestLoopBehaviour" name="test_llm_supplied_service_override_reaches_adapter" time="0.001" /><testcase classname="tests.ayosa.test_tool_use_loop.TestProgressiveCallbacks" name="test_no_callback_means_no_emission_and_no_crash" time="0.001" /><testcase classname="tests.ayosa.test_tool_use_loop.TestProgressiveCallbacks" name="test_event_order_for_single_tool_call" time="0.001" /><testcase classname="tests.ayosa.test_tool_use_loop.TestProgressiveCallbacks" name="test_tool_start_carries_llm_input_metadata" time="0.001" /><testcase classname="tests.ayosa.test_tool_use_loop.TestProgressiveCallbacks" name="test_tool_start_emitted_before_dispatch" time="0.001" /><testcase classname="tests.ayosa.test_tool_use_loop.TestProgressiveCallbacks" name="test_observation_event_emitted_per_finding" time="0.001" /><testcase classname="tests.ayosa.test_tool_use_loop.TestProgressiveCallbacks" name="test_unknown_tool_emits_error_tool_result_without_dispatch" time="0.000" /><testcase classname="tests.ayosa.test_tool_use_loop.TestProgressiveCallbacks" name="test_loop_error_event_on_anthropic_failure" time="0.001" /><testcase classname="tests.ayosa.test_tool_use_loop.TestProgressiveCallbacks" name="test_callback_exception_does_not_crash_loop" time="0.005" /><testcase classname="tests.ayosa.test_tool_use_loop.TestProgressiveCallbacks" name="test_iteration_index_matches_run_count" time="0.002" /><testcase classname="tests.ayosa.test_tool_use_loop_wiring.TestFlagRouting" name="test_flag_on_with_client_routes_through_tool_use_loop" time="0.001" /><testcase classname="tests.ayosa.test_tool_use_loop_wiring.TestFlagRouting" name="test_flag_off_uses_deterministic_path" time="5.955" /><testcase classname="tests.ayosa.test_tool_use_loop_wiring.TestFlagRouting" name="test_missing_api_key_falls_back_silently" time="0.002" /><testcase classname="tests.ayosa.test_tool_use_loop_wiring.TestFlagRouting" name="test_flag_on_non_anthropic_provider_falls_back" time="0.006" /><testcase classname="tests.ayosa.test_tool_use_loop_wiring.TestFlagRouting" name="test_client_factory_returns_none_then_fallback" time="5.685" /><testcase classname="tests.ayosa.test_tool_use_loop_wiring.TestEligibility" name="test_all_conditions_met_returns_true" time="0.001" /><testcase classname="tests.ayosa.test_tool_use_loop_wiring.TestEligibility" name="test_llm_disabled_returns_false" time="0.002" /><testcase classname="tests.ayosa.test_tool_use_loop_wiring.TestEligibility" name="test_flag_off_returns_false" time="0.001" /><testcase classname="tests.ayosa.test_tool_use_loop_wiring.TestEligibility" name="test_blank_api_key_returns_false" time="0.001" /><testcase classname="tests.ayosa.test_tool_use_loop_wiring.TestEligibility" name="test_non_anthropic_provider_returns_false" time="0.001" /><testcase classname="tests.ayosa.test_tool_use_loop_wiring.TestEligibility" name="test_no_tools_returns_false" time="0.001" /><testcase classname="tests.ayosa.test_tool_use_loop_wiring.TestEligibility" name="test_no_llm_returns_false" time="0.001" /><testcase classname="tests.ayosa.test_tool_use_loop_wiring.TestResultSynthesis" name="test_synthesized_result_carries_iterations_and_replan_reason" time="0.001" /><testcase classname="tests.ayosa.test_trajectory_persistence.TestTrajectoryRoundTrip" name="test_iteration_is_persisted_and_reloaded" time="0.103" /><testcase classname="tests.ayosa.test_trajectory_persistence.TestTrajectoryRoundTrip" name="test_default_iteration_is_zero" time="0.106" /><testcase classname="tests.ayosa.test_trajectory_persistence.TestTrajectoryRoundTrip" name="test_list_runs_includes_iterations" time="0.096" /><testcase classname="tests.ayosa.test_trajectory_persistence.TestPersistAgentResult" name="test_persist_agent_result_carries_iteration_fields" time="0.111" /><testcase classname="tests.ayosa.test_trajectory_persistence.TestTrajectoryDiff" name="test_compare_runs_surfaces_trajectory_section" time="0.085" /><testcase classname="tests.ayosa.test_trajectory_persistence.TestTrajectoryDiff" name="test_compare_identical_trajectories_has_no_trajectory_diff" time="0.090" /><testcase classname="tests.ayosa.test_workspace_index.TestExtraction" name="test_extract_all_known_kinds" time="0.002" /><testcase classname="tests.ayosa.test_workspace_index.TestExtraction" name="test_service_string_entries_supported" time="0.001" /><testcase classname="tests.ayosa.test_workspace_index.TestExtraction" name="test_owners_derived_from_service_owner_field" time="0.002" /><testcase classname="tests.ayosa.test_workspace_index.TestExtraction" name="test_secrets_stripped_from_attributes" time="0.001" /><testcase classname="tests.ayosa.test_workspace_index.TestExtraction" name="test_tokeniser_lowercases_and_splits" time="0.000" /><testcase classname="tests.ayosa.test_workspace_index.TestIndexer" name="test_index_writes_per_run_file" time="0.009" /><testcase classname="tests.ayosa.test_workspace_index.TestIndexer" name="test_aggregate_index_written" time="0.009" /><testcase classname="tests.ayosa.test_workspace_index.TestIndexer" name="test_load_index_aggregate_merges_runs" time="0.016" /><testcase classname="tests.ayosa.test_workspace_index.TestIndexer" name="test_refuses_unsafe_run_id" time="0.003" /><testcase classname="tests.ayosa.test_workspace_index.TestIndexer" name="test_unknown_run_returns_empty_index" time="0.004" /><testcase classname="tests.ayosa.test_workspace_index.TestSearch" name="test_search_returns_unavailable_when_empty" time="0.004" /><testcase classname="tests.ayosa.test_workspace_index.TestSearch" name="test_search_finds_payment_artifacts" time="0.012" /><testcase classname="tests.ayosa.test_workspace_index.TestSearch" name="test_search_ranks_exact_name_higher" time="0.015" /><testcase classname="tests.ayosa.test_workspace_index.TestSearch" name="test_search_respects_limit" time="0.015" /><testcase classname="tests.ayosa.test_workspace_index.TestSearch" name="test_search_empty_query_returns_preview" time="0.008" /><testcase classname="tests.ayosa.test_workspace_index.TestServiceContext" name="test_unavailable_when_index_empty" time="0.006" /><testcase classname="tests.ayosa.test_workspace_index.TestServiceContext" name="test_returns_all_buckets_for_service" time="0.012" /><testcase classname="tests.ayosa.test_workspace_index.TestServiceContext" name="test_unrelated_service_returns_empty_buckets" time="0.011" /><testcase classname="tests.ayosa.test_workspace_index.TestServiceContext" name="test_does_not_leak_other_services" time="0.015" /><testcase classname="tests.ayosa.test_workspace_index.TestOverview" name="test_is_available_false_for_empty_dir" time="0.003" /><testcase classname="tests.ayosa.test_workspace_index.TestOverview" name="test_is_available_true_after_index" time="0.012" /><testcase classname="tests.ayosa.test_workspace_index.TestOverview" name="test_overview_counts" time="0.012" /><testcase classname="tests.ayosa.test_workspace_index.TestAgentIntegration" name="test_workspace_context_unavailable_when_no_index" time="0.005" /><testcase classname="tests.ayosa.test_workspace_index.TestAgentIntegration" name="test_workspace_context_populated_after_index" time="0.017" /><testcase classname="tests.ayosa.test_workspace_index.TestAgentIntegration" name="test_retrieval_helper_pure_call" time="0.006" /><testcase classname="tests.ayosa.test_workspace_index.TestAgentIntegration" name="test_llm_context_includes_workspace_context" time="0.019" /></testsuite></testsuites>